Compiling the CXX compiler identification source file "CMakeCXXCompilerId.cpp" failed.
Compiler: /usr/bin/g++ -pthread;-B;/home/pv/anaconda3/envs/lmgc90/compiler_compat
Build flags: 
Id flags:  

The output was:
1
/home/pv/anaconda3/envs/lmgc90/compiler_compat/ld: /lib/x86_64-linux-gnu/libc.so.6: undefined reference to `__tunable_is_initialized@GLIBC_PRIVATE'
collect2: error: ld returned 1 exit status


Detecting CXX compiler ABI info failed to compile with the following output:
Change Dir: /home/pv/brg/code_fortran/compas_lmgc90/build/cp312-abi3-linux_x86_64/CMakeFiles/CMakeTmp

Run Build Command(s):/usr/bin/ninja cmTC_a4a11 && [1/2] Building CXX object CMakeFiles/cmTC_a4a11.dir/CMakeCXXCompilerABI.cpp.o
Using built-in specs.
COLLECT_GCC=/usr/bin/g++
OFFLOAD_TARGET_NAMES=nvptx-none:amdgcn-amdhsa
OFFLOAD_TARGET_DEFAULT=1
Target: x86_64-linux-gnu
Configured with: ../src/configure -v --with-pkgversion='Ubuntu 13.3.0-6ubuntu2~24.04' --with-bugurl=file:///usr/share/doc/gcc-13/README.Bugs --enable-languages=c,ada,c++,go,d,fortran,objc,obj-c++,m2 --prefix=/usr --with-gcc-major-version-only --program-suffix=-13 --program-prefix=x86_64-linux-gnu- --enable-shared --enable-linker-build-id --libexecdir=/usr/libexec --without-included-gettext --enable-threads=posix --libdir=/usr/lib --enable-nls --enable-bootstrap --enable-clocale=gnu --enable-libstdcxx-debug --enable-libstdcxx-time=yes --with-default-libstdcxx-abi=new --enable-libstdcxx-backtrace --enable-gnu-unique-object --disable-vtable-verify --enable-plugin --enable-default-pie --with-system-zlib --enable-libphobos-checking=release --with-target-system-zlib=auto --enable-objc-gc=auto --enable-multiarch --disable-werror --enable-cet --with-arch-32=i686 --with-abi=m64 --with-multilib-list=m32,m64,mx32 --enable-multilib --with-tune=generic --enable-offload-targets=nvptx-none=/build/gcc-13-fG75Ri/gcc-13-13.3.0/debian/tmp-nvptx/usr,amdgcn-amdhsa=/build/gcc-13-fG75Ri/gcc-13-13.3.0/debian/tmp-gcn/usr --enable-offload-defaulted --without-cuda-driver --enable-checking=release --build=x86_64-linux-gnu --host=x86_64-linux-gnu --target=x86_64-linux-gnu --with-build-config=bootstrap-lto-lean --enable-link-serialization=2
Thread model: posix
Supported LTO compression algorithms: zlib zstd
gcc version 13.3.0 (Ubuntu 13.3.0-6ubuntu2~24.04) 
COLLECT_GCC_OPTIONS='-pthread' '-B' '/home/pv/anaconda3/envs/lmgc90/compiler_compat' '-v' '-o' 'CMakeFiles/cmTC_a4a11.dir/CMakeCXXCompilerABI.cpp.o' '-c' '-shared-libgcc' '-mtune=generic' '-march=x86-64' '-dumpdir' 'CMakeFiles/cmTC_a4a11.dir/'
 /usr/libexec/gcc/x86_64-linux-gnu/13/cc1plus -quiet -v -imultiarch x86_64-linux-gnu -D_GNU_SOURCE -D_REENTRANT /home/pv/anaconda3/envs/lmgc90/share/cmake-3.18/Modules/CMakeCXXCompilerABI.cpp -quiet -dumpdir CMakeFiles/cmTC_a4a11.dir/ -dumpbase CMakeCXXCompilerABI.cpp.cpp -dumpbase-ext .cpp -mtune=generic -march=x86-64 -version -fasynchronous-unwind-tables -fstack-protector-strong -Wformat -Wformat-security -fstack-clash-protection -fcf-protection -o /tmp/ccWhiEHr.s
GNU C++17 (Ubuntu 13.3.0-6ubuntu2~24.04) version 13.3.0 (x86_64-linux-gnu)
	compiled by GNU C version 13.3.0, GMP version 6.3.0, MPFR version 4.2.1, MPC version 1.3.1, isl version isl-0.26-GMP

GGC heuristics: --param ggc-min-expand=100 --param ggc-min-heapsize=131072
ignoring duplicate directory "/opt/intel/oneapi/umf/0.11/include"
ignoring duplicate directory "/opt/intel/oneapi/tbb/2022.2/env/../include"
ignoring duplicate directory "/opt/intel/oneapi/pti/0.13/include"
ignoring duplicate directory "/opt/intel/oneapi/mpi/2021.16/include"
ignoring duplicate directory "/opt/intel/oneapi/mkl/2025.2/include"
ignoring duplicate directory "/opt/intel/oneapi/ippcp/2025.2/include"
ignoring duplicate directory "/opt/intel/oneapi/ipp/2022.2/include"
ignoring duplicate directory "/opt/intel/oneapi/dpl/2022.9/include"
ignoring duplicate directory "/opt/intel/oneapi/dpcpp-ct/2025.2/include"
ignoring duplicate directory "/opt/intel/oneapi/dal/2025.8/include"
ignoring duplicate directory "/opt/intel/oneapi/dal/2025.8/include/dal"
ignoring duplicate directory "/usr/include/x86_64-linux-gnu/c++/13"
ignoring nonexistent directory "/usr/local/include/x86_64-linux-gnu"
ignoring nonexistent directory "/usr/lib/gcc/x86_64-linux-gnu/13/include-fixed/x86_64-linux-gnu"
ignoring nonexistent directory "/usr/lib/gcc/x86_64-linux-gnu/13/include-fixed"
ignoring nonexistent directory "/usr/lib/gcc/x86_64-linux-gnu/13/../../../../x86_64-linux-gnu/include"
ignoring duplicate directory "/opt/intel/oneapi/umf/0.11/include"
  as it is a non-system directory that duplicates a system directory
ignoring duplicate directory "/opt/intel/oneapi/mkl/2025.2/include"
  as it is a non-system directory that duplicates a system directory
ignoring duplicate directory "/opt/intel/oneapi/umf/0.11/include"
  as it is a non-system directory that duplicates a system directory
ignoring duplicate directory "/opt/intel/oneapi/mkl/2025.2/include"
  as it is a non-system directory that duplicates a system directory
ignoring duplicate directory "/opt/intel/oneapi/dnnl/2025.2/include"
ignoring duplicate directory "/opt/intel/oneapi/dev-utilities/2025.2/include"
ignoring duplicate directory "/opt/intel/oneapi/ccl/2021.16/include"
#include "..." search starts here:
#include <...> search starts here:
 /opt/intel/oneapi/dnnl/2025.2/include
 /opt/intel/oneapi/dev-utilities/2025.2/include
 /opt/intel/oneapi/ccl/2021.16/include
 /opt/intel/oneapi/umf/0.11/include
 /opt/intel/oneapi/tbb/2022.2/env/../include
 /opt/intel/oneapi/pti/0.13/include
 /opt/intel/oneapi/mpi/2021.16/include
 /opt/intel/oneapi/mkl/2025.2/include
 /opt/intel/oneapi/ippcp/2025.2/include
 /opt/intel/oneapi/ipp/2022.2/include
 /opt/intel/oneapi/dpl/2022.9/include
 /opt/intel/oneapi/dpcpp-ct/2025.2/include
 /opt/intel/oneapi/dal/2025.8/include
 /opt/intel/oneapi/dal/2025.8/include/dal
 /usr/include/c++/13
 /usr/include/x86_64-linux-gnu/c++/13
 /usr/include/c++/13/backward
 /usr/lib/gcc/x86_64-linux-gnu/13/include
 /usr/local/include
 /usr/include/x86_64-linux-gnu
 /usr/include
End of search list.
Compiler executable checksum: c81c05345ce537099dafd5580045814a
COLLECT_GCC_OPTIONS='-pthread' '-B' '/home/pv/anaconda3/envs/lmgc90/compiler_compat' '-v' '-o' 'CMakeFiles/cmTC_a4a11.dir/CMakeCXXCompilerABI.cpp.o' '-c' '-shared-libgcc' '-mtune=generic' '-march=x86-64' '-dumpdir' 'CMakeFiles/cmTC_a4a11.dir/'
 as -v --64 -o CMakeFiles/cmTC_a4a11.dir/CMakeCXXCompilerABI.cpp.o /tmp/ccWhiEHr.s
GNU assembler version 2.42 (x86_64-linux-gnu) using BFD version (GNU Binutils for Ubuntu) 2.42
COMPILER_PATH=/home/pv/anaconda3/envs/lmgc90/compiler_compat/:/usr/libexec/gcc/x86_64-linux-gnu/13/:/usr/libexec/gcc/x86_64-linux-gnu/13/:/usr/libexec/gcc/x86_64-linux-gnu/:/usr/lib/gcc/x86_64-linux-gnu/13/:/usr/lib/gcc/x86_64-linux-gnu/
LIBRARY_PATH=/home/pv/anaconda3/envs/lmgc90/compiler_compat/:/opt/intel/oneapi/tcm/1.4/lib/../lib/:/opt/intel/oneapi/umf/0.11/lib/../lib/:/opt/intel/oneapi/tbb/2022.2/env/../lib/intel64/gcc4.8/../lib/:/opt/intel/oneapi/pti/0.13/lib/../lib/:/opt/intel/oneapi/mpi/2021.16/lib/../lib/:/opt/intel/oneapi/mkl/2025.2/lib/../lib/:/opt/intel/oneapi/ippcp/2025.2/lib/../lib/:/opt/intel/oneapi/ipp/2022.2/lib/../lib/:/opt/intel/oneapi/dnnl/2025.2/lib/../lib/:/opt/intel/oneapi/dal/2025.8/lib/../lib/:/opt/intel/oneapi/compiler/2025.2/lib/../lib/:/opt/intel/oneapi/ccl/2021.16/lib/../lib/:/opt/intel/oneapi/tcm/1.4/lib/../lib/:/opt/intel/oneapi/umf/0.11/lib/../lib/:/opt/intel/oneapi/tbb/2022.2/env/../lib/intel64/gcc4.8/../lib/:/opt/intel/oneapi/pti/0.13/lib/../lib/:/opt/intel/oneapi/mpi/2021.16/lib/../lib/:/opt/intel/oneapi/mkl/2025.2/lib/../lib/:/opt/intel/oneapi/ippcp/2025.2/lib/../lib/:/opt/intel/oneapi/ipp/2022.2/lib/../lib/:/opt/intel/oneapi/dnnl/2025.2/lib/../lib/:/opt/intel/oneapi/dal/2025.8/lib/../lib/:/opt/intel/oneapi/compiler/2025.2/lib/../lib/:/opt/intel/oneapi/ccl/2021.16/lib/../lib/:/usr/lib/gcc/x86_64-linux-gnu/13/:/usr/lib/gcc/x86_64-linux-gnu/13/../../../x86_64-linux-gnu/:/usr/lib/gcc/x86_64-linux-gnu/13/../../../../lib/:/lib/x86_64-linux-gnu/:/lib/../lib/:/usr/lib/x86_64-linux-gnu/:/usr/lib/../lib/:/opt/intel/oneapi/tcm/1.4/lib/:/opt/intel/oneapi/umf/0.11/lib/:/opt/intel/oneapi/tbb/2022.2/env/../lib/intel64/gcc4.8/:/opt/intel/oneapi/pti/0.13/lib/:/opt/intel/oneapi/mpi/2021.16/lib/:/opt/intel/oneapi/mkl/2025.2/lib/:/opt/intel/oneapi/ippcp/2025.2/lib/:/opt/intel/oneapi/ipp/2022.2/lib/:/opt/intel/oneapi/dnnl/2025.2/lib/:/opt/intel/oneapi/dal/2025.8/lib/:/opt/intel/oneapi/compiler/2025.2/lib/:/opt/intel/oneapi/ccl/2021.16/lib/:/opt/intel/oneapi/tcm/1.4/lib/:/opt/intel/oneapi/umf/0.11/lib/:/opt/intel/oneapi/tbb/2022.2/env/../lib/intel64/gcc4.8/:/opt/intel/oneapi/pti/0.13/lib/:/opt/intel/oneapi/mpi/2021.16/lib/:/opt/intel/oneapi/mkl/2025.2/lib/:/opt/intel/oneapi/ippcp/2025.2/lib/:/opt/intel/oneapi/ipp/2022.2/lib/:/opt/intel/oneapi/dnnl/2025.2/lib/:/opt/intel/oneapi/dal/2025.8/lib/:/opt/intel/oneapi/compiler/2025.2/lib/:/opt/intel/oneapi/ccl/2021.16/lib/:/usr/lib/gcc/x86_64-linux-gnu/13/../../../:/lib/:/usr/lib/
COLLECT_GCC_OPTIONS='-pthread' '-B' '/home/pv/anaconda3/envs/lmgc90/compiler_compat' '-v' '-o' 'CMakeFiles/cmTC_a4a11.dir/CMakeCXXCompilerABI.cpp.o' '-c' '-shared-libgcc' '-mtune=generic' '-march=x86-64' '-dumpdir' 'CMakeFiles/cmTC_a4a11.dir/CMakeCXXCompilerABI.cpp.'
[2/2] Linking CXX executable cmTC_a4a11
FAILED: cmTC_a4a11 
: && /usr/bin/g++  -pthread -B /home/pv/anaconda3/envs/lmgc90/compiler_compat  -v CMakeFiles/cmTC_a4a11.dir/CMakeCXXCompilerABI.cpp.o -o cmTC_a4a11   && :
Using built-in specs.
COLLECT_GCC=/usr/bin/g++
COLLECT_LTO_WRAPPER=/usr/libexec/gcc/x86_64-linux-gnu/13/lto-wrapper
OFFLOAD_TARGET_NAMES=nvptx-none:amdgcn-amdhsa
OFFLOAD_TARGET_DEFAULT=1
Target: x86_64-linux-gnu
Configured with: ../src/configure -v --with-pkgversion='Ubuntu 13.3.0-6ubuntu2~24.04' --with-bugurl=file:///usr/share/doc/gcc-13/README.Bugs --enable-languages=c,ada,c++,go,d,fortran,objc,obj-c++,m2 --prefix=/usr --with-gcc-major-version-only --program-suffix=-13 --program-prefix=x86_64-linux-gnu- --enable-shared --enable-linker-build-id --libexecdir=/usr/libexec --without-included-gettext --enable-threads=posix --libdir=/usr/lib --enable-nls --enable-bootstrap --enable-clocale=gnu --enable-libstdcxx-debug --enable-libstdcxx-time=yes --with-default-libstdcxx-abi=new --enable-libstdcxx-backtrace --enable-gnu-unique-object --disable-vtable-verify --enable-plugin --enable-default-pie --with-system-zlib --enable-libphobos-checking=release --with-target-system-zlib=auto --enable-objc-gc=auto --enable-multiarch --disable-werror --enable-cet --with-arch-32=i686 --with-abi=m64 --with-multilib-list=m32,m64,mx32 --enable-multilib --with-tune=generic --enable-offload-targets=nvptx-none=/build/gcc-13-fG75Ri/gcc-13-13.3.0/debian/tmp-nvptx/usr,amdgcn-amdhsa=/build/gcc-13-fG75Ri/gcc-13-13.3.0/debian/tmp-gcn/usr --enable-offload-defaulted --without-cuda-driver --enable-checking=release --build=x86_64-linux-gnu --host=x86_64-linux-gnu --target=x86_64-linux-gnu --with-build-config=bootstrap-lto-lean --enable-link-serialization=2
Thread model: posix
Supported LTO compression algorithms: zlib zstd
gcc version 13.3.0 (Ubuntu 13.3.0-6ubuntu2~24.04) 
COMPILER_PATH=/home/pv/anaconda3/envs/lmgc90/compiler_compat/:/usr/libexec/gcc/x86_64-linux-gnu/13/:/usr/libexec/gcc/x86_64-linux-gnu/13/:/usr/libexec/gcc/x86_64-linux-gnu/:/usr/lib/gcc/x86_64-linux-gnu/13/:/usr/lib/gcc/x86_64-linux-gnu/
LIBRARY_PATH=/home/pv/anaconda3/envs/lmgc90/compiler_compat/:/opt/intel/oneapi/tcm/1.4/lib/../lib/:/opt/intel/oneapi/umf/0.11/lib/../lib/:/opt/intel/oneapi/tbb/2022.2/env/../lib/intel64/gcc4.8/../lib/:/opt/intel/oneapi/pti/0.13/lib/../lib/:/opt/intel/oneapi/mpi/2021.16/lib/../lib/:/opt/intel/oneapi/mkl/2025.2/lib/../lib/:/opt/intel/oneapi/ippcp/2025.2/lib/../lib/:/opt/intel/oneapi/ipp/2022.2/lib/../lib/:/opt/intel/oneapi/dnnl/2025.2/lib/../lib/:/opt/intel/oneapi/dal/2025.8/lib/../lib/:/opt/intel/oneapi/compiler/2025.2/lib/../lib/:/opt/intel/oneapi/ccl/2021.16/lib/../lib/:/opt/intel/oneapi/tcm/1.4/lib/../lib/:/opt/intel/oneapi/umf/0.11/lib/../lib/:/opt/intel/oneapi/tbb/2022.2/env/../lib/intel64/gcc4.8/../lib/:/opt/intel/oneapi/pti/0.13/lib/../lib/:/opt/intel/oneapi/mpi/2021.16/lib/../lib/:/opt/intel/oneapi/mkl/2025.2/lib/../lib/:/opt/intel/oneapi/ippcp/2025.2/lib/../lib/:/opt/intel/oneapi/ipp/2022.2/lib/../lib/:/opt/intel/oneapi/dnnl/2025.2/lib/../lib/:/opt/intel/oneapi/dal/2025.8/lib/../lib/:/opt/intel/oneapi/compiler/2025.2/lib/../lib/:/opt/intel/oneapi/ccl/2021.16/lib/../lib/:/usr/lib/gcc/x86_64-linux-gnu/13/:/usr/lib/gcc/x86_64-linux-gnu/13/../../../x86_64-linux-gnu/:/usr/lib/gcc/x86_64-linux-gnu/13/../../../../lib/:/lib/x86_64-linux-gnu/:/lib/../lib/:/usr/lib/x86_64-linux-gnu/:/usr/lib/../lib/:/opt/intel/oneapi/tcm/1.4/lib/:/opt/intel/oneapi/umf/0.11/lib/:/opt/intel/oneapi/tbb/2022.2/env/../lib/intel64/gcc4.8/:/opt/intel/oneapi/pti/0.13/lib/:/opt/intel/oneapi/mpi/2021.16/lib/:/opt/intel/oneapi/mkl/2025.2/lib/:/opt/intel/oneapi/ippcp/2025.2/lib/:/opt/intel/oneapi/ipp/2022.2/lib/:/opt/intel/oneapi/dnnl/2025.2/lib/:/opt/intel/oneapi/dal/2025.8/lib/:/opt/intel/oneapi/compiler/2025.2/lib/:/opt/intel/oneapi/ccl/2021.16/lib/:/opt/intel/oneapi/tcm/1.4/lib/:/opt/intel/oneapi/umf/0.11/lib/:/opt/intel/oneapi/tbb/2022.2/env/../lib/intel64/gcc4.8/:/opt/intel/oneapi/pti/0.13/lib/:/opt/intel/oneapi/mpi/2021.16/lib/:/opt/intel/oneapi/mkl/2025.2/lib/:/opt/intel/oneapi/ippcp/2025.2/lib/:/opt/intel/oneapi/ipp/2022.2/lib/:/opt/intel/oneapi/dnnl/2025.2/lib/:/opt/intel/oneapi/dal/2025.8/lib/:/opt/intel/oneapi/compiler/2025.2/lib/:/opt/intel/oneapi/ccl/2021.16/lib/:/usr/lib/gcc/x86_64-linux-gnu/13/../../../:/lib/:/usr/lib/
COLLECT_GCC_OPTIONS='-pthread' '-B' '/home/pv/anaconda3/envs/lmgc90/compiler_compat' '-v' '-o' 'cmTC_a4a11' '-shared-libgcc' '-mtune=generic' '-march=x86-64' '-dumpdir' 'cmTC_a4a11.'
 /usr/libexec/gcc/x86_64-linux-gnu/13/collect2 -plugin /usr/libexec/gcc/x86_64-linux-gnu/13/liblto_plugin.so -plugin-opt=/usr/libexec/gcc/x86_64-linux-gnu/13/lto-wrapper -plugin-opt=-fresolution=/tmp/ccQKfElV.res -plugin-opt=-pass-through=-lgcc_s -plugin-opt=-pass-through=-lgcc -plugin-opt=-pass-through=-lpthread -plugin-opt=-pass-through=-lc -plugin-opt=-pass-through=-lgcc_s -plugin-opt=-pass-through=-lgcc --build-id --eh-frame-hdr -m elf_x86_64 --hash-style=gnu --as-needed -dynamic-linker /lib64/ld-linux-x86-64.so.2 -pie -z now -z relro -o cmTC_a4a11 /usr/lib/gcc/x86_64-linux-gnu/13/../../../x86_64-linux-gnu/Scrt1.o /usr/lib/gcc/x86_64-linux-gnu/13/../../../x86_64-linux-gnu/crti.o /usr/lib/gcc/x86_64-linux-gnu/13/crtbeginS.o -L/home/pv/anaconda3/envs/lmgc90/compiler_compat -L/opt/intel/oneapi/tcm/1.4/lib/../lib -L/opt/intel/oneapi/umf/0.11/lib/../lib -L/opt/intel/oneapi/tbb/2022.2/env/../lib/intel64/gcc4.8/../lib -L/opt/intel/oneapi/pti/0.13/lib/../lib -L/opt/intel/oneapi/mpi/2021.16/lib/../lib -L/opt/intel/oneapi/mkl/2025.2/lib/../lib -L/opt/intel/oneapi/ippcp/2025.2/lib/../lib -L/opt/intel/oneapi/ipp/2022.2/lib/../lib -L/opt/intel/oneapi/dnnl/2025.2/lib/../lib -L/opt/intel/oneapi/dal/2025.8/lib/../lib -L/opt/intel/oneapi/compiler/2025.2/lib/../lib -L/opt/intel/oneapi/ccl/2021.16/lib/../lib -L/opt/intel/oneapi/tcm/1.4/lib/../lib -L/opt/intel/oneapi/umf/0.11/lib/../lib -L/opt/intel/oneapi/tbb/2022.2/env/../lib/intel64/gcc4.8/../lib -L/opt/intel/oneapi/pti/0.13/lib/../lib -L/opt/intel/oneapi/mpi/2021.16/lib/../lib -L/opt/intel/oneapi/mkl/2025.2/lib/../lib -L/opt/intel/oneapi/ippcp/2025.2/lib/../lib -L/opt/intel/oneapi/ipp/2022.2/lib/../lib -L/opt/intel/oneapi/dnnl/2025.2/lib/../lib -L/opt/intel/oneapi/dal/2025.8/lib/../lib -L/opt/intel/oneapi/compiler/2025.2/lib/../lib -L/opt/intel/oneapi/ccl/2021.16/lib/../lib -L/usr/lib/gcc/x86_64-linux-gnu/13 -L/usr/lib/gcc/x86_64-linux-gnu/13/../../../x86_64-linux-gnu -L/usr/lib/gcc/x86_64-linux-gnu/13/../../../../lib -L/lib/x86_64-linux-gnu -L/lib/../lib -L/usr/lib/x86_64-linux-gnu -L/usr/lib/../lib -L/opt/intel/oneapi/tcm/1.4/lib -L/opt/intel/oneapi/umf/0.11/lib -L/opt/intel/oneapi/tbb/2022.2/env/../lib/intel64/gcc4.8 -L/opt/intel/oneapi/pti/0.13/lib -L/opt/intel/oneapi/mpi/2021.16/lib -L/opt/intel/oneapi/mkl/2025.2/lib -L/opt/intel/oneapi/ippcp/2025.2/lib -L/opt/intel/oneapi/ipp/2022.2/lib -L/opt/intel/oneapi/dnnl/2025.2/lib -L/opt/intel/oneapi/dal/2025.8/lib -L/opt/intel/oneapi/compiler/2025.2/lib -L/opt/intel/oneapi/ccl/2021.16/lib -L/opt/intel/oneapi/tcm/1.4/lib -L/opt/intel/oneapi/umf/0.11/lib -L/opt/intel/oneapi/tbb/2022.2/env/../lib/intel64/gcc4.8 -L/opt/intel/oneapi/pti/0.13/lib -L/opt/intel/oneapi/mpi/2021.16/lib -L/opt/intel/oneapi/mkl/2025.2/lib -L/opt/intel/oneapi/ippcp/2025.2/lib -L/opt/intel/oneapi/ipp/2022.2/lib -L/opt/intel/oneapi/dnnl/2025.2/lib -L/opt/intel/oneapi/dal/2025.8/lib -L/opt/intel/oneapi/compiler/2025.2/lib -L/opt/intel/oneapi/ccl/2021.16/lib -L/usr/lib/gcc/x86_64-linux-gnu/13/../../.. CMakeFiles/cmTC_a4a11.dir/CMakeCXXCompilerABI.cpp.o -lstdc++ -lm -lgcc_s -lgcc -lpthread -lc -lgcc_s -lgcc /usr/lib/gcc/x86_64-linux-gnu/13/crtendS.o /usr/lib/gcc/x86_64-linux-gnu/13/../../../x86_64-linux-gnu/crtn.o
/home/pv/anaconda3/envs/lmgc90/compiler_compat/ld: /lib/x86_64-linux-gnu/libc.so.6: undefined reference to `__tunable_is_initialized@GLIBC_PRIVATE'
collect2: error: ld returned 1 exit status
ninja: build stopped: subcommand failed.




Determining if the CXX compiler works failed with the following output:
Change Dir: /home/pv/brg/code_fortran/compas_lmgc90/build/cp312-abi3-linux_x86_64/CMakeFiles/CMakeTmp

Run Build Command(s):/usr/bin/ninja cmTC_897db && [1/2] Building CXX object CMakeFiles/cmTC_897db.dir/testCXXCompiler.cxx.o
[2/2] Linking CXX executable cmTC_897db
FAILED: cmTC_897db 
: && /usr/bin/g++  -pthread -B /home/pv/anaconda3/envs/lmgc90/compiler_compat   CMakeFiles/cmTC_897db.dir/testCXXCompiler.cxx.o -o cmTC_897db   && :
/home/pv/anaconda3/envs/lmgc90/compiler_compat/ld: /lib/x86_64-linux-gnu/libc.so.6: undefined reference to `__tunable_is_initialized@GLIBC_PRIVATE'
collect2: error: ld returned 1 exit status
ninja: build stopped: subcommand failed.



