The system is: Linux - 6.14.0-33-generic - x86_64
Compiling the CXX compiler identification source file "CMakeCXXCompilerId.cpp" succeeded.
Compiler: /usr/bin/g++ -pthread;-B;/home/pv/anaconda3/envs/lmgc90/compiler_compat
Build flags: 
Id flags: -c 

The output was:
0


Compilation of the CXX compiler identification source "CMakeCXXCompilerId.cpp" produced "CMakeCXXCompilerId.o"

The CXX compiler identification is GNU, found in "/home/pv/brg/code_fortran/compas_lmgc90/build/cp312-abi3-linux_x86_64/CMakeFiles/3.18.4/CompilerIdCXX/CMakeCXXCompilerId.o"

Compiling the Fortran compiler identification source file "CMakeFortranCompilerId.F" succeeded.
Compiler: /usr/bin/gfortran 
Build flags: 
Id flags: -v 

The output was:
0
Driving: /usr/bin/gfortran -v CMakeFortranCompilerId.F -l gfortran -l m -shared-libgcc
Using built-in specs.
COLLECT_GCC=/usr/bin/gfortran
COLLECT_LTO_WRAPPER=/usr/libexec/gcc/x86_64-linux-gnu/13/lto-wrapper
OFFLOAD_TARGET_NAMES=nvptx-none:amdgcn-amdhsa
OFFLOAD_TARGET_DEFAULT=1
Target: x86_64-linux-gnu
Configured with: ../src/configure -v --with-pkgversion='Ubuntu 13.3.0-6ubuntu2~24.04' --with-bugurl=file:///usr/share/doc/gcc-13/README.Bugs --enable-languages=c,ada,c++,go,d,fortran,objc,obj-c++,m2 --prefix=/usr --with-gcc-major-version-only --program-suffix=-13 --program-prefix=x86_64-linux-gnu- --enable-shared --enable-linker-build-id --libexecdir=/usr/libexec --without-included-gettext --enable-threads=posix --libdir=/usr/lib --enable-nls --enable-bootstrap --enable-clocale=gnu --enable-libstdcxx-debug --enable-libstdcxx-time=yes --with-default-libstdcxx-abi=new --enable-libstdcxx-backtrace --enable-gnu-unique-object --disable-vtable-verify --enable-plugin --enable-default-pie --with-system-zlib --enable-libphobos-checking=release --with-target-system-zlib=auto --enable-objc-gc=auto --enable-multiarch --disable-werror --enable-cet --with-arch-32=i686 --with-abi=m64 --with-multilib-list=m32,m64,mx32 --enable-multilib --with-tune=generic --enable-offload-targets=nvptx-none=/build/gcc-13-fG75Ri/gcc-13-13.3.0/debian/tmp-nvptx/usr,amdgcn-amdhsa=/build/gcc-13-fG75Ri/gcc-13-13.3.0/debian/tmp-gcn/usr --enable-offload-defaulted --without-cuda-driver --enable-checking=release --build=x86_64-linux-gnu --host=x86_64-linux-gnu --target=x86_64-linux-gnu --with-build-config=bootstrap-lto-lean --enable-link-serialization=2
Thread model: posix
Supported LTO compression algorithms: zlib zstd
gcc version 13.3.0 (Ubuntu 13.3.0-6ubuntu2~24.04) 
COLLECT_GCC_OPTIONS='-v' '-shared-libgcc' '-mtune=generic' '-march=x86-64' '-dumpdir' 'a-'
 /usr/libexec/gcc/x86_64-linux-gnu/13/f951 CMakeFortranCompilerId.F -ffixed-form -cpp=/tmp/ccfTY3wD.f90 -quiet -v -imultiarch x86_64-linux-gnu CMakeFortranCompilerId.F -quiet -dumpdir a- -dumpbase CMakeFortranCompilerId.F -dumpbase-ext .F -mtune=generic -march=x86-64 -version -fintrinsic-modules-path /usr/lib/gcc/x86_64-linux-gnu/13/finclude -fpre-include=/usr/include/finclude/x86_64-linux-gnu/math-vector-fortran.h -o /tmp/ccFnfP6A.s
GNU Fortran (Ubuntu 13.3.0-6ubuntu2~24.04) version 13.3.0 (x86_64-linux-gnu)
	compiled by GNU C version 13.3.0, GMP version 6.3.0, MPFR version 4.2.1, MPC version 1.3.1, isl version isl-0.26-GMP

GGC heuristics: --param ggc-min-expand=100 --param ggc-min-heapsize=131072
ignoring duplicate directory "/opt/intel/oneapi/umf/0.11/include"
ignoring duplicate directory "/opt/intel/oneapi/tbb/2022.2/env/../include"
ignoring duplicate directory "/opt/intel/oneapi/pti/0.13/include"
ignoring duplicate directory "/opt/intel/oneapi/mpi/2021.16/include"
ignoring duplicate directory "/opt/intel/oneapi/mkl/2025.2/include"
ignoring duplicate directory "/opt/intel/oneapi/ippcp/2025.2/include"
ignoring duplicate directory "/opt/intel/oneapi/ipp/2022.2/include"
ignoring nonexistent directory "/usr/local/include/x86_64-linux-gnu"
ignoring nonexistent directory "/usr/lib/gcc/x86_64-linux-gnu/13/include-fixed/x86_64-linux-gnu"
ignoring nonexistent directory "/usr/lib/gcc/x86_64-linux-gnu/13/include-fixed"
ignoring nonexistent directory "/usr/lib/gcc/x86_64-linux-gnu/13/../../../../x86_64-linux-gnu/include"
ignoring duplicate directory "/opt/intel/oneapi/umf/0.11/include"
  as it is a non-system directory that duplicates a system directory
ignoring duplicate directory "/opt/intel/oneapi/mkl/2025.2/include"
  as it is a non-system directory that duplicates a system directory
ignoring duplicate directory "/opt/intel/oneapi/umf/0.11/include"
  as it is a non-system directory that duplicates a system directory
ignoring duplicate directory "/opt/intel/oneapi/mkl/2025.2/include"
  as it is a non-system directory that duplicates a system directory
ignoring duplicate directory "/opt/intel/oneapi/dnnl/2025.2/include"
ignoring duplicate directory "/opt/intel/oneapi/dev-utilities/2025.2/include"
ignoring duplicate directory "/opt/intel/oneapi/ccl/2021.16/include"
#include "..." search starts here:
#include <...> search starts here:
 /usr/lib/gcc/x86_64-linux-gnu/13/finclude
 /opt/intel/oneapi/dnnl/2025.2/include
 /opt/intel/oneapi/dev-utilities/2025.2/include
 /opt/intel/oneapi/ccl/2021.16/include
 /opt/intel/oneapi/umf/0.11/include
 /opt/intel/oneapi/tbb/2022.2/env/../include
 /opt/intel/oneapi/pti/0.13/include
 /opt/intel/oneapi/mpi/2021.16/include
 /opt/intel/oneapi/mkl/2025.2/include
 /opt/intel/oneapi/ippcp/2025.2/include
 /opt/intel/oneapi/ipp/2022.2/include
 /usr/lib/gcc/x86_64-linux-gnu/13/include
 /usr/local/include
 /usr/include/x86_64-linux-gnu
 /usr/include
End of search list.
COLLECT_GCC_OPTIONS='-v' '-shared-libgcc' '-mtune=generic' '-march=x86-64' '-dumpdir' 'a-'
 as -v --64 -o /tmp/ccYx9kDM.o /tmp/ccFnfP6A.s
GNU assembler version 2.42 (x86_64-linux-gnu) using BFD version (GNU Binutils for Ubuntu) 2.42
Reading specs from /usr/lib/gcc/x86_64-linux-gnu/13/libgfortran.spec
rename spec lib to liborig
COLLECT_GCC_OPTIONS='-v' '-shared-libgcc' '-mtune=generic' '-march=x86-64' '-dumpdir' 'a-'
COMPILER_PATH=/usr/libexec/gcc/x86_64-linux-gnu/13/:/usr/libexec/gcc/x86_64-linux-gnu/13/:/usr/libexec/gcc/x86_64-linux-gnu/:/usr/lib/gcc/x86_64-linux-gnu/13/:/usr/lib/gcc/x86_64-linux-gnu/
LIBRARY_PATH=/opt/intel/oneapi/tcm/1.4/lib/../lib/:/opt/intel/oneapi/umf/0.11/lib/../lib/:/opt/intel/oneapi/tbb/2022.2/env/../lib/intel64/gcc4.8/../lib/:/opt/intel/oneapi/pti/0.13/lib/../lib/:/opt/intel/oneapi/mpi/2021.16/lib/../lib/:/opt/intel/oneapi/mkl/2025.2/lib/../lib/:/opt/intel/oneapi/ippcp/2025.2/lib/../lib/:/opt/intel/oneapi/ipp/2022.2/lib/../lib/:/opt/intel/oneapi/dnnl/2025.2/lib/../lib/:/opt/intel/oneapi/dal/2025.8/lib/../lib/:/opt/intel/oneapi/compiler/2025.2/lib/../lib/:/opt/intel/oneapi/ccl/2021.16/lib/../lib/:/opt/intel/oneapi/tcm/1.4/lib/../lib/:/opt/intel/oneapi/umf/0.11/lib/../lib/:/opt/intel/oneapi/tbb/2022.2/env/../lib/intel64/gcc4.8/../lib/:/opt/intel/oneapi/pti/0.13/lib/../lib/:/opt/intel/oneapi/mpi/2021.16/lib/../lib/:/opt/intel/oneapi/mkl/2025.2/lib/../lib/:/opt/intel/oneapi/ippcp/2025.2/lib/../lib/:/opt/intel/oneapi/ipp/2022.2/lib/../lib/:/opt/intel/oneapi/dnnl/2025.2/lib/../lib/:/opt/intel/oneapi/dal/2025.8/lib/../lib/:/opt/intel/oneapi/compiler/2025.2/lib/../lib/:/opt/intel/oneapi/ccl/2021.16/lib/../lib/:/usr/lib/gcc/x86_64-linux-gnu/13/:/usr/lib/gcc/x86_64-linux-gnu/13/../../../x86_64-linux-gnu/:/usr/lib/gcc/x86_64-linux-gnu/13/../../../../lib/:/lib/x86_64-linux-gnu/:/lib/../lib/:/usr/lib/x86_64-linux-gnu/:/usr/lib/../lib/:/opt/intel/oneapi/tcm/1.4/lib/:/opt/intel/oneapi/umf/0.11/lib/:/opt/intel/oneapi/tbb/2022.2/env/../lib/intel64/gcc4.8/:/opt/intel/oneapi/pti/0.13/lib/:/opt/intel/oneapi/mpi/2021.16/lib/:/opt/intel/oneapi/mkl/2025.2/lib/:/opt/intel/oneapi/ippcp/2025.2/lib/:/opt/intel/oneapi/ipp/2022.2/lib/:/opt/intel/oneapi/dnnl/2025.2/lib/:/opt/intel/oneapi/dal/2025.8/lib/:/opt/intel/oneapi/compiler/2025.2/lib/:/opt/intel/oneapi/ccl/2021.16/lib/:/opt/intel/oneapi/tcm/1.4/lib/:/opt/intel/oneapi/umf/0.11/lib/:/opt/intel/oneapi/tbb/2022.2/env/../lib/intel64/gcc4.8/:/opt/intel/oneapi/pti/0.13/lib/:/opt/intel/oneapi/mpi/2021.16/lib/:/opt/intel/oneapi/mkl/2025.2/lib/:/opt/intel/oneapi/ippcp/2025.2/lib/:/opt/intel/oneapi/ipp/2022.2/lib/:/opt/intel/oneapi/dnnl/2025.2/lib/:/opt/intel/oneapi/dal/2025.8/lib/:/opt/intel/oneapi/compiler/2025.2/lib/:/opt/intel/oneapi/ccl/2021.16/lib/:/usr/lib/gcc/x86_64-linux-gnu/13/../../../:/lib/:/usr/lib/
COLLECT_GCC_OPTIONS='-v' '-shared-libgcc' '-mtune=generic' '-march=x86-64' '-dumpdir' 'a.'
 /usr/libexec/gcc/x86_64-linux-gnu/13/collect2 -plugin /usr/libexec/gcc/x86_64-linux-gnu/13/liblto_plugin.so -plugin-opt=/usr/libexec/gcc/x86_64-linux-gnu/13/lto-wrapper -plugin-opt=-fresolution=/tmp/ccMjKuyG.res -plugin-opt=-pass-through=-lgcc_s -plugin-opt=-pass-through=-lgcc -plugin-opt=-pass-through=-lquadmath -plugin-opt=-pass-through=-lm -plugin-opt=-pass-through=-lc -plugin-opt=-pass-through=-lgcc_s -plugin-opt=-pass-through=-lgcc --build-id --eh-frame-hdr -m elf_x86_64 --hash-style=gnu --as-needed -dynamic-linker /lib64/ld-linux-x86-64.so.2 -pie -z now -z relro /usr/lib/gcc/x86_64-linux-gnu/13/../../../x86_64-linux-gnu/Scrt1.o /usr/lib/gcc/x86_64-linux-gnu/13/../../../x86_64-linux-gnu/crti.o /usr/lib/gcc/x86_64-linux-gnu/13/crtbeginS.o -L/opt/intel/oneapi/tcm/1.4/lib/../lib -L/opt/intel/oneapi/umf/0.11/lib/../lib -L/opt/intel/oneapi/tbb/2022.2/env/../lib/intel64/gcc4.8/../lib -L/opt/intel/oneapi/pti/0.13/lib/../lib -L/opt/intel/oneapi/mpi/2021.16/lib/../lib -L/opt/intel/oneapi/mkl/2025.2/lib/../lib -L/opt/intel/oneapi/ippcp/2025.2/lib/../lib -L/opt/intel/oneapi/ipp/2022.2/lib/../lib -L/opt/intel/oneapi/dnnl/2025.2/lib/../lib -L/opt/intel/oneapi/dal/2025.8/lib/../lib -L/opt/intel/oneapi/compiler/2025.2/lib/../lib -L/opt/intel/oneapi/ccl/2021.16/lib/../lib -L/opt/intel/oneapi/tcm/1.4/lib/../lib -L/opt/intel/oneapi/umf/0.11/lib/../lib -L/opt/intel/oneapi/tbb/2022.2/env/../lib/intel64/gcc4.8/../lib -L/opt/intel/oneapi/pti/0.13/lib/../lib -L/opt/intel/oneapi/mpi/2021.16/lib/../lib -L/opt/intel/oneapi/mkl/2025.2/lib/../lib -L/opt/intel/oneapi/ippcp/2025.2/lib/../lib -L/opt/intel/oneapi/ipp/2022.2/lib/../lib -L/opt/intel/oneapi/dnnl/2025.2/lib/../lib -L/opt/intel/oneapi/dal/2025.8/lib/../lib -L/opt/intel/oneapi/compiler/2025.2/lib/../lib -L/opt/intel/oneapi/ccl/2021.16/lib/../lib -L/usr/lib/gcc/x86_64-linux-gnu/13 -L/usr/lib/gcc/x86_64-linux-gnu/13/../../../x86_64-linux-gnu -L/usr/lib/gcc/x86_64-linux-gnu/13/../../../../lib -L/lib/x86_64-linux-gnu -L/lib/../lib -L/usr/lib/x86_64-linux-gnu -L/usr/lib/../lib -L/opt/intel/oneapi/tcm/1.4/lib -L/opt/intel/oneapi/umf/0.11/lib -L/opt/intel/oneapi/tbb/2022.2/env/../lib/intel64/gcc4.8 -L/opt/intel/oneapi/pti/0.13/lib -L/opt/intel/oneapi/mpi/2021.16/lib -L/opt/intel/oneapi/mkl/2025.2/lib -L/opt/intel/oneapi/ippcp/2025.2/lib -L/opt/intel/oneapi/ipp/2022.2/lib -L/opt/intel/oneapi/dnnl/2025.2/lib -L/opt/intel/oneapi/dal/2025.8/lib -L/opt/intel/oneapi/compiler/2025.2/lib -L/opt/intel/oneapi/ccl/2021.16/lib -L/opt/intel/oneapi/tcm/1.4/lib -L/opt/intel/oneapi/umf/0.11/lib -L/opt/intel/oneapi/tbb/2022.2/env/../lib/intel64/gcc4.8 -L/opt/intel/oneapi/pti/0.13/lib -L/opt/intel/oneapi/mpi/2021.16/lib -L/opt/intel/oneapi/mkl/2025.2/lib -L/opt/intel/oneapi/ippcp/2025.2/lib -L/opt/intel/oneapi/ipp/2022.2/lib -L/opt/intel/oneapi/dnnl/2025.2/lib -L/opt/intel/oneapi/dal/2025.8/lib -L/opt/intel/oneapi/compiler/2025.2/lib -L/opt/intel/oneapi/ccl/2021.16/lib -L/usr/lib/gcc/x86_64-linux-gnu/13/../../.. /tmp/ccYx9kDM.o -lgfortran -lm -lgcc_s -lgcc --as-needed -lquadmath --no-as-needed -lm -lc -lgcc_s -lgcc /usr/lib/gcc/x86_64-linux-gnu/13/crtendS.o /usr/lib/gcc/x86_64-linux-gnu/13/../../../x86_64-linux-gnu/crtn.o
COLLECT_GCC_OPTIONS='-v' '-shared-libgcc' '-mtune=generic' '-march=x86-64' '-dumpdir' 'a.'


Compilation of the Fortran compiler identification source "CMakeFortranCompilerId.F" produced "a.out"

The Fortran compiler identification is GNU, found in "/home/pv/brg/code_fortran/compas_lmgc90/build/cp312-abi3-linux_x86_64/CMakeFiles/3.18.4/CompilerIdFortran/a.out"

Compiling the C compiler identification source file "CMakeCCompilerId.c" succeeded.
Compiler: /home/pv/anaconda3/envs/lmgc90/bin/gcc -pthread;-B;/home/pv/anaconda3/envs/lmgc90/compiler_compat
Build flags: 
Id flags:  

The output was:
0


Compilation of the C compiler identification source "CMakeCCompilerId.c" produced "a.out"

The C compiler identification is GNU, found in "/home/pv/brg/code_fortran/compas_lmgc90/build/cp312-abi3-linux_x86_64/CMakeFiles/3.18.4/CompilerIdC/a.out"

